дек. 20, 2024 10:50:40 AM org.example.PersonFilter main
SEVERE: Исключение: inputFile.json
дек. 20, 2024 10:51:12 AM org.example.PersonProcessor lambda$filterAdults$1
INFO: Взрослые: Денис Иванов
дек. 20, 2024 10:51:12 AM org.example.PersonProcessor lambda$filterAdults$1
INFO: Взрослые: Тимур Петров
дек. 20, 2024 10:51:12 AM org.example.PersonProcessor lambda$filterAdults$1
INFO: Взрослые: Иван Подкорытов
дек. 20, 2024 10:51:12 AM org.example.PersonProcessor lambda$filterAdults$1
INFO: Взрослые: Ангелина Мирная
дек. 20, 2024 10:51:12 AM org.example.PersonProcessor lambda$filterAdults$1
INFO: Взрослые: София Косова
дек. 20, 2024 10:51:12 AM org.example.PersonProcessor lambda$filterAdults$1
INFO: Взрослые: Алиса Магамедова
дек. 20, 2024 10:51:12 AM org.example.PersonFilter main
INFO: Средний возраст: 27.875
дек. 20, 2024 10:51:12 AM org.example.PersonFilter main
INFO: Високосный год рождения: [Person{name='Алиса Магамедова', birthDate=1992-01-10, email='elena.volkova@example.com'}, Person{name='Виктор Васильев', birthDate=2012-12-06, email='elena.volkova@example.com'}]
дек. 20, 2024 10:51:12 AM org.example.PersonFilter main
INFO: Возрастные группы: {Пожилой=[Person{name='Денис Иванов', birthDate=1990-05-15, email='ivan.ivanov@example.com'}, Person{name='Тимур Петров', birthDate=1985-03-22, email='maria.petrovа@example.com'}, Person{name='Ангелина Мирная', birthDate=1978-07-30, email='anna.smirnova@example.com'}, Person{name='Алиса Магамедова', birthDate=1992-01-10, email='elena.volkova@example.com'}], Ребёнок=[Person{name='Виктор Васильев', birthDate=2012-12-06, email='elena.volkova@example.com'}, Person{name='Ви Киберпанковна', birthDate=2017-10-09, email='elena.volkova@example.com'}], Молодёжь=[Person{name='Иван Подкорытов', birthDate=2000-11-01, email='sergey.kuznetsov@example.com'}, Person{name='София Косова', birthDate=1995-12-17, email='dmitriy.sidorov@example.com'}]}
дек. 20, 2024 11:03:50 AM org.example.PersonFilter lambda$main$2
INFO: Взрослый: Денис Иванов, Email: ivan.ivanov@example.com
дек. 20, 2024 11:03:50 AM org.example.PersonFilter lambda$main$2
INFO: Взрослый: Тимур Петров, Email: maria.petrovа@example.com
дек. 20, 2024 11:03:50 AM org.example.PersonFilter lambda$main$2
INFO: Взрослый: Иван Подкорытов, Email: sergey.kuznetsov@example.com
дек. 20, 2024 11:03:50 AM org.example.PersonFilter lambda$main$2
INFO: Взрослый: Ангелина Мирная, Email: anna.smirnova@example.com
дек. 20, 2024 11:03:50 AM org.example.PersonFilter lambda$main$2
INFO: Взрослый: София Косова, Email: dmitriy.sidorov@example.com
дек. 20, 2024 11:03:50 AM org.example.PersonFilter lambda$main$2
INFO: Взрослый: Алиса Магамедова, Email: elena.volkova@example.com
дек. 20, 2024 11:03:50 AM org.example.PersonFilter main
INFO: Средний возраст: 27.875
дек. 20, 2024 11:03:50 AM org.example.PersonFilter main
INFO: Високосный год рождения: [Person{name='Алиса Магамедова', birthDate=1992-01-10, email='elena.volkova@example.com'}, Person{name='Виктор Васильев', birthDate=2012-12-06, email='elena.volkova@example.com'}]
дек. 20, 2024 11:03:50 AM org.example.PersonFilter main
INFO: Возрастные группы: {Пожилой=[Person{name='Денис Иванов', birthDate=1990-05-15, email='ivan.ivanov@example.com'}, Person{name='Тимур Петров', birthDate=1985-03-22, email='maria.petrovа@example.com'}, Person{name='Ангелина Мирная', birthDate=1978-07-30, email='anna.smirnova@example.com'}, Person{name='Алиса Магамедова', birthDate=1992-01-10, email='elena.volkova@example.com'}], Ребёнок=[Person{name='Виктор Васильев', birthDate=2012-12-06, email='elena.volkova@example.com'}, Person{name='Ви Киберпанковна', birthDate=2017-10-09, email='elena.volkova@example.com'}], Молодёжь=[Person{name='Иван Подкорытов', birthDate=2000-11-01, email='sergey.kuznetsov@example.com'}, Person{name='София Косова', birthDate=1995-12-17, email='dmitriy.sidorov@example.com'}]}
